{"name": "test_search_not_existing_product", "status": "failed", "statusDetails": {"message": "AssertionError: Incorrect input value", "trace": "self = <test_homepage.TestHeaderAndSearch object at 0x00000128A0AEBEF0>\nopen_search_input = (<Page url='https://theconnectedshop.com/search?q=adrakadabra&options%5Bprefix%5D=last'>, <Locator frame=<Frame name= url='https://theconnectedshop.com/search?q=adrakadabra&options%5Bprefix%5D=last'> selector='#Search-In-Inline >> nth=0'>)\n\n    @pytest.mark.search\n    @allure.feature(\"Search\")\n    @allure.story(\"Search not existing product\")\n    @allure.severity(allure.severity_level.NORMAL)\n    def test_search_not_existing_product(self, open_search_input):\n        page, _ = open_search_input\n        with allure.step(\"Run search for invalid product\"):\n>           SearchPage(page).run_test_search_notexisting_product()\n\ntests\\test_homepage.py:45: \n_ _ _ _ _ _ _ _ _ _ _ _ _ _ _ _ _ _ _ _ _ _ _ _ _ _ _ _ _ _ _ _ _ _ _ _ _ _ _ _ _ _ _ _ _ _ _ _ _\n\nself = <pages.search_page.SearchPage object at 0x00000128A0F5F3E0>\n\n    def run_test_search_notexisting_product(self):\n        with allure.step(f\"Run test for NOT existing product '{search_text_invalid}'\"):\n            message_text, input_value = self.search_invalid_product(search_text_invalid)\n>           assert input_value == search_text_invalid, \"Incorrect input value\"\nE           AssertionError: Incorrect input value\n\npages\\search_page.py:86: AssertionError"}, "steps": [{"name": "Run search for invalid product", "status": "failed", "statusDetails": {"message": "AssertionError: Incorrect input value\n", "trace": "  File \"C:\\Users\\BestLaptop\\Downloads\\Project\\Connectedtheshop\\tests\\test_homepage.py\", line 45, in test_search_not_existing_product\n    SearchPage(page).run_test_search_notexisting_product()\n  File \"C:\\Users\\BestLaptop\\Downloads\\Project\\Connectedtheshop\\pages\\search_page.py\", line 86, in run_test_search_notexisting_product\n    assert input_value == search_text_invalid, \"Incorrect input value\"\n"}, "steps": [{"name": "Run test for NOT existing product 'adrakadabra'", "status": "failed", "statusDetails": {"message": "AssertionError: Incorrect input value\n", "trace": "  File \"C:\\Users\\BestLaptop\\Downloads\\Project\\Connectedtheshop\\pages\\search_page.py\", line 86, in run_test_search_notexisting_product\n    assert input_value == search_text_invalid, \"Incorrect input value\"\n"}, "steps": [{"name": "Fill search input with 'adrakadabra' and press Enter", "status": "passed", "start": 1755891843246, "stop": 1755891845037}, {"name": "Wait for predictive overlay", "status": "broken", "statusDetails": {"message": "playwright._impl._errors.TimeoutError: Page.wait_for_selector: Timeout 4000ms exceeded.\nCall log:\n  - waiting for locator(\".predictive-search__results a, .predictive-search__results p\") to be visible\n\n", "trace": "  File \"C:\\Users\\BestLaptop\\Downloads\\Project\\Connectedtheshop\\pages\\search_page.py\", line 32, in _search\n    self.page.wait_for_selector(\n  File \"C:\\Users\\BestLaptop\\AppData\\Local\\Programs\\Python\\Python312\\Lib\\site-packages\\playwright\\sync_api\\_generated.py\", line 8181, in wait_for_selector\n    self._sync(\n  File \"C:\\Users\\BestLaptop\\AppData\\Local\\Programs\\Python\\Python312\\Lib\\site-packages\\playwright\\_impl\\_sync_base.py\", line 115, in _sync\n    return task.result()\n           ^^^^^^^^^^^^^\n  File \"C:\\Users\\BestLaptop\\AppData\\Local\\Programs\\Python\\Python312\\Lib\\site-packages\\playwright\\_impl\\_page.py\", line 424, in wait_for_selector\n    return await self._main_frame.wait_for_selector(**locals_to_params(locals()))\n           ^^^^^^^^^^^^^^^^^^^^^^^^^^^^^^^^^^^^^^^^^^^^^^^^^^^^^^^^^^^^^^^^^^^^^^\n  File \"C:\\Users\\BestLaptop\\AppData\\Local\\Programs\\Python\\Python312\\Lib\\site-packages\\playwright\\_impl\\_frame.py\", line 323, in wait_for_selector\n    await self._channel.send(\"waitForSelector\", locals_to_params(locals()))\n  File \"C:\\Users\\BestLaptop\\AppData\\Local\\Programs\\Python\\Python312\\Lib\\site-packages\\playwright\\_impl\\_connection.py\", line 61, in send\n    return await self._connection.wrap_api_call(\n           ^^^^^^^^^^^^^^^^^^^^^^^^^^^^^^^^^^^^^\n  File \"C:\\Users\\BestLaptop\\AppData\\Local\\Programs\\Python\\Python312\\Lib\\site-packages\\playwright\\_impl\\_connection.py\", line 528, in wrap_api_call\n    raise rewrite_error(error, f\"{parsed_st['apiName']}: {error}\") from None\n"}, "start": 1755891845037, "stop": 1755891849054}, {"name": "Wait for search results page (/search)", "status": "passed", "start": 1755891849055, "stop": 1755891849087}, {"name": "Read no-results message", "status": "passed", "start": 1755891849087, "stop": 1755891849107}], "start": 1755891843246, "stop": 1755891849122}], "start": 1755891843246, "stop": 1755891849122}], "start": 1755891843245, "stop": 1755891849123, "uuid": "ed85d648-abe8-4c3a-b092-d075c951dbc3", "historyId": "569b5a0ee7a5a2e6039b74aebbf855fd", "testCaseId": "569b5a0ee7a5a2e6039b74aebbf855fd", "fullName": "tests.test_homepage.TestHeaderAndSearch#test_search_not_existing_product", "labels": [{"name": "story", "value": "Search not existing product"}, {"name": "epic", "value": "TheConnectedShop Tests"}, {"name": "feature", "value": "Search"}, {"name": "severity", "value": "normal"}, {"name": "tag", "value": "search"}, {"name": "tag", "value": "regression"}, {"name": "parentSuite", "value": "tests"}, {"name": "suite", "value": "test_homepage"}, {"name": "subSuite", "value": "TestHeaderAndSearch"}, {"name": "host", "value": "DESKTOP-TPM9FFM"}, {"name": "thread", "value": "57576-MainThread"}, {"name": "framework", "value": "pytest"}, {"name": "language", "value": "cpython3"}, {"name": "package", "value": "tests.test_homepage"}], "titlePath": ["tests", "test_homepage.py", "TestHeaderAndSearch"]}